Arguments: 
  C:\Program Files\nodejs\node.exe C:\Users\ddos\AppData\Roaming\npm\node_modules\yarn\bin\yarn.js add rollup-plugin-copy -D

PATH: 
  C:\Program Files (x86)\VMware\VMware Workstation\bin\;C:\Program Files\Common Files\Oracle\Java\javapath;C:\Python39\Scripts\;C:\Python39\;C:\Program Files (x86)\Common Files\Intel\Shared Libraries\redist\intel64\compiler;C:\Program Files (x86)\Razer\ChromaBroadcast\bin;C:\Program Files\Razer\ChromaBroadcast\bin;C:\Program Files (x86)\Razer Chroma SDK\bin;C:\Program Files\Razer Chroma SDK\bin;"C:\Program Files (x86)\Common Files\Oracle\Java\;C:\Program Files\Java\jdk-13.0.2\bin";C:\Windows\system32;C:\Windows;C:\Windows\System32\Wbem;C:\Windows\System32\WindowsPowerShell\v1.0\;C:\Windows\System32\OpenSSH\;C:\Program Files\NVIDIA Corporation\NVIDIA NvDLISR;C:\Program Files\Microsoft SQL Server\Client SDK\ODBC\110\Tools\Binn\;C:\Program Files (x86)\Microsoft SQL Server\120\Tools\Binn\;C:\Program Files\Microsoft SQL Server\120\Tools\Binn\;C:\Program Files\Microsoft SQL Server\120\DTS\Binn\;C:\Program Files (x86)\Windows Kits\8.1\Windows Performance Toolkit\;C:\Windows\system32\config\systemprofile\AppData\Local\Microsoft\WindowsApps;C:\Users\ddos\AppData\Local\Microsoft\WindowsApps;C:\Users\ddos\AppData\Local\Programs\Microsoft VS Code\bin;C:\Program Files\PuTTY\;C:\Program Files\dotnet\;C:\Program Files\Git\cmd;C:\WINDOWS\system32;C:\WINDOWS;C:\WINDOWS\System32\Wbem;C:\WINDOWS\System32\WindowsPowerShell\v1.0\;C:\WINDOWS\System32\OpenSSH\;C:\Program Files (x86)\NVIDIA Corporation\PhysX\Common;C:\ProgramData\chocolatey\bin;C:\Users\ddos\Downloads\apache-maven-3.8.5-bin\apache-maven-3.8.5\bin;C:\Program Files\Microsoft SQL Server\150\Tools\Binn\;C:\Program Files\Perforce\;C:\Program Files\Docker\Docker\resources\bin;C:\Users\ddos\AppData\Roaming\nvm;C:\Program Files\nodejs;C:\Users\ddos\AppData\Local\Microsoft\WindowsApps;C:\Users\ddos\AppData\Local\Programs\Microsoft VS Code\bin;C:\Users\ddos\AppData\Local\atom\bin;C:\Users\ddos\.dotnet\tools;C:\Program Files\mingw-w64\x86_64-8.1.0-posix-seh-rt_v6-rev0\mingw64\bin;C:\Users\ddos\AppData\Local\Microsoft\WindowsApps;C:\Users\ddos\AppData\Roaming\npm;C:\Users\ddos\AppData\Roaming\nvm;C:\Program Files\nodejs

Yarn version: 
  1.22.19

Node version: 
  18.18.2

Platform: 
  win32 x64

Trace: 
  Error: EPERM: operation not permitted, unlink 'C:\Users\ddos\Desktop\websites\gia\node_modules\@esbuild\win32-x64\esbuild.exe'

npm manifest: 
  {
  	"name": "my-website",
  	"version": "0.0.1",
  	"private": true,
  	"scripts": {
  		"dev": "vite dev",
  		"build": "vite build",
  		"preview": "vite preview",
  		"lint": "eslint ."
  	},
  	"devDependencies": {
  		"@sveltejs/adapter-auto": "^2.0.0",
  		"@sveltejs/kit": "^1.20.4",
  		"autoprefixer": "^10.4.15",
  		"eslint": "^8.28.0",
  		"eslint-plugin-svelte": "^2.30.0",
  		"flowbite": "^2.1.1",
  		"flowbite-svelte": "^0.44.19",
  		"postcss": "^8.4.29",
  		"rollup-plugin-copy": "^3.5.0",
  		"svelte": "^4.0.5",
  		"tailwindcss": "^3.3.3",
  		"vite": "^4.4.2"
  	},
  	"type": "module",
  	"dependencies": {
  		"bootstrap": "^5.3.2"
  	}
  }

yarn manifest: 
  No manifest

Lockfile: 
  No lockfile
